0 info it worked if it ends with ok
1 verbose cli [ 'node',
1 verbose cli   '/usr/bin/npm',
1 verbose cli   'install',
1 verbose cli   '--global',
1 verbose cli   'generator-angular@0.11.1' ]
2 info using npm@2.13.3
3 info using node@v0.10.40
4 verbose node symlink /usr/bin/node
5 verbose install initial load of /usr/lib/package.json
6 verbose readDependencies loading dependencies from /usr/lib/package.json
7 silly cache add args [ 'generator-angular@0.11.1', null ]
8 verbose cache add spec generator-angular@0.11.1
9 silly cache add parsed spec { raw: 'generator-angular@0.11.1',
9 silly cache add   scope: null,
9 silly cache add   name: 'generator-angular',
9 silly cache add   rawSpec: '0.11.1',
9 silly cache add   spec: '0.11.1',
9 silly cache add   type: 'version' }
10 silly addNamed generator-angular@0.11.1
11 verbose addNamed "0.11.1" is a plain semver version for generator-angular
12 silly mapToRegistry name generator-angular
13 silly mapToRegistry using default registry
14 silly mapToRegistry registry https://registry.npmjs.org/
15 silly mapToRegistry uri https://registry.npmjs.org/generator-angular
16 verbose addNameVersion registry:https://registry.npmjs.org/generator-angular not in flight; fetching
17 verbose request uri https://registry.npmjs.org/generator-angular
18 verbose request no auth needed
19 info attempt registry request try #1 at 10:20:43
20 verbose request id bb514e0e427b33f6
21 verbose etag "4QMU72STHAYSK3MIV2KE6DCD"
22 http request GET https://registry.npmjs.org/generator-angular
23 http 304 https://registry.npmjs.org/generator-angular
24 silly get cb [ 304,
24 silly get   { date: 'Thu, 06 Aug 2015 04:50:49 GMT',
24 silly get     via: '1.1 varnish',
24 silly get     'cache-control': 'max-age=60',
24 silly get     etag: '"4QMU72STHAYSK3MIV2KE6DCD"',
24 silly get     age: '0',
24 silly get     connection: 'keep-alive',
24 silly get     'x-served-by': 'cache-sin6923-SIN',
24 silly get     'x-cache': 'HIT',
24 silly get     'x-cache-hits': '1',
24 silly get     'x-timer': 'S1438836649.394860,VS0,VE246',
24 silly get     vary: 'Accept' } ]
25 verbose etag https://registry.npmjs.org/generator-angular from cache
26 verbose get saving generator-angular to /home/ravi/.npm/registry.npmjs.org/generator-angular/.cache.json
27 silly cache afterAdd generator-angular@0.11.1
28 verbose afterAdd /home/ravi/.npm/generator-angular/0.11.1/package/package.json not in flight; writing
29 verbose afterAdd /home/ravi/.npm/generator-angular/0.11.1/package/package.json written
30 silly install resolved [ { name: 'generator-angular',
30 silly install resolved     version: '0.11.1',
30 silly install resolved     description: 'Yeoman generator for AngularJS',
30 silly install resolved     keywords:
30 silly install resolved      [ 'yeoman-generator',
30 silly install resolved        'scaffold',
30 silly install resolved        'framework',
30 silly install resolved        'component',
30 silly install resolved        'front-end',
30 silly install resolved        'app',
30 silly install resolved        'angular' ],
30 silly install resolved     author: { name: 'The Yeoman Team' },
30 silly install resolved     main: 'app/index.js',
30 silly install resolved     files:
30 silly install resolved      [ 'app',
30 silly install resolved        'common',
30 silly install resolved        'constant',
30 silly install resolved        'controller',
30 silly install resolved        'decorator',
30 silly install resolved        'directive',
30 silly install resolved        'factory',
30 silly install resolved        'filter',
30 silly install resolved        'main',
30 silly install resolved        'provider',
30 silly install resolved        'route',
30 silly install resolved        'service',
30 silly install resolved        'templates',
30 silly install resolved        'value',
30 silly install resolved        'view',
30 silly install resolved        'script-base.js',
30 silly install resolved        'util.js' ],
30 silly install resolved     repository:
30 silly install resolved      { type: 'git',
30 silly install resolved        url: 'git+https://github.com/yeoman/generator-angular.git' },
30 silly install resolved     scripts: { test: 'mocha' },
30 silly install resolved     dependencies:
30 silly install resolved      { wiredep: '^2.2.0',
30 silly install resolved        'yeoman-generator': '^0.16.0',
30 silly install resolved        yosay: '^1.0.2',
30 silly install resolved        chalk: '^0.5.0' },
30 silly install resolved     peerDependencies: { 'generator-karma': '>=0.9.0', yo: '>=1.0.0' },
30 silly install resolved     devDependencies:
30 silly install resolved      { grunt: '~0.4.1',
30 silly install resolved        'grunt-contrib-jshint': '~0.11.0',
30 silly install resolved        'grunt-conventional-changelog': '~1.1.0',
30 silly install resolved        'grunt-release': '~0.11.0',
30 silly install resolved        'load-grunt-tasks': '~3.1.0',
30 silly install resolved        mocha: '*',
30 silly install resolved        semver: '~4.2.0',
30 silly install resolved        'underscore.string': '~2.3.1' },
30 silly install resolved     engines: { node: '>=0.10.0', npm: '>=1.2.10' },
30 silly install resolved     licenses: [ [Object] ],
30 silly install resolved     gitHead: '1173a57caca7a9614bdeadd4c916a00d3769de6f',
30 silly install resolved     bugs: { url: 'https://github.com/yeoman/generator-angular/issues' },
30 silly install resolved     homepage: 'https://github.com/yeoman/generator-angular',
30 silly install resolved     _id: 'generator-angular@0.11.1',
30 silly install resolved     _shasum: 'f469e28e4ce67639a47c690ba5e54f90558d8e8f',
30 silly install resolved     _from: 'generator-angular@0.11.1',
30 silly install resolved     _npmVersion: '2.4.1',
30 silly install resolved     _nodeVersion: '0.10.35',
30 silly install resolved     _npmUser: { name: 'eddiemonge', email: 'eddie+npm@eddiemonge.com' },
30 silly install resolved     maintainers:
30 silly install resolved      [ [Object],
30 silly install resolved        [Object],
30 silly install resolved        [Object],
30 silly install resolved        [Object],
30 silly install resolved        [Object],
30 silly install resolved        [Object],
30 silly install resolved        [Object] ],
30 silly install resolved     dist:
30 silly install resolved      { shasum: 'f469e28e4ce67639a47c690ba5e54f90558d8e8f',
30 silly install resolved        tarball: 'http://registry.npmjs.org/generator-angular/-/generator-angular-0.11.1.tgz' },
30 silly install resolved     directories: {},
30 silly install resolved     _resolved: 'https://registry.npmjs.org/generator-angular/-/generator-angular-0.11.1.tgz',
30 silly install resolved     readme: 'ERROR: No README data found!' } ]
31 info install generator-angular@0.11.1 into /usr/lib
32 info installOne generator-angular@0.11.1
33 verbose installOne of generator-angular to /usr/lib not in flight; installing
34 verbose lock using /home/ravi/.npm/_locks/generator-angular-4934d9dc484271ac.lock for /usr/lib/node_modules/generator-angular
35 silly install write writing generator-angular 0.11.1 to /usr/lib/node_modules/generator-angular
36 verbose unbuild lib/node_modules/generator-angular
37 info preuninstall generator-angular@0.11.1
38 info uninstall generator-angular@0.11.1
39 verbose unbuild rmStuff generator-angular@0.11.1 from /usr/lib/node_modules
40 info postuninstall generator-angular@0.11.1
41 silly gentlyRm /usr/lib/node_modules/generator-angular is being purged from base /usr
42 verbose gentlyRm don't care about contents; nuking /usr/lib/node_modules/generator-angular
43 silly vacuum-fs purging /usr/lib/node_modules/generator-angular
44 verbose unlock done using /home/ravi/.npm/_locks/generator-angular-4934d9dc484271ac.lock for /usr/lib/node_modules/generator-angular
45 verbose stack Error: EACCES, rmdir '/usr/lib/node_modules/generator-angular'
46 verbose cwd /home/ravi/angular/app-angular
47 error Linux 3.13.0-32-generic
48 error argv "node" "/usr/bin/npm" "install" "--global" "generator-angular@0.11.1"
49 error node v0.10.40
50 error npm  v2.13.3
51 error path /usr/lib/node_modules/generator-angular
52 error code EACCES
53 error errno 3
54 error Error: EACCES, rmdir '/usr/lib/node_modules/generator-angular'
54 error  { [Error: EACCES, rmdir '/usr/lib/node_modules/generator-angular']
54 error   errno: 3,
54 error   code: 'EACCES',
54 error   path: '/usr/lib/node_modules/generator-angular' }
55 error Please try running this command again as root/Administrator.
56 verbose exit [ 3, true ]
57 verbose unbuild lib/node_modules/generator-angular
58 info preuninstall generator-angular@0.11.1
59 info uninstall generator-angular@0.11.1
60 verbose unbuild rmStuff generator-angular@0.11.1 from /usr/lib/node_modules
61 info postuninstall generator-angular@0.11.1
62 silly gentlyRm /usr/lib/node_modules/generator-angular is being purged from base /usr
63 verbose gentlyRm don't care about contents; nuking /usr/lib/node_modules/generator-angular
64 silly vacuum-fs purging /usr/lib/node_modules/generator-angular
65 error error rolling back Error: EACCES, rmdir '/usr/lib/node_modules/generator-angular'
65 error error rolling back  { [Error: EACCES, rmdir '/usr/lib/node_modules/generator-angular']
65 error error rolling back   errno: 3,
65 error error rolling back   code: 'EACCES',
65 error error rolling back   path: '/usr/lib/node_modules/generator-angular' }
